[0322/231930:ERROR:process_info.cc(608)] range at 0xfffde000, size 0x230 fully unreadable
[0322/231930:ERROR:process_reader_win.cc(232)] ReadMemory at 0xfffde000 of 560 bytes failed: Запрос ReadProcessMemory или WriteProcessMemory был выполнен только частично. (0x12B)
[0322/231930:ERROR:process_snapshot_win.cc(271)] ReadMemory PEB
[0322/231930:ERROR:process_reader_win.cc(98)] process 3048 not found
[0322/231930:ERROR:process_reader_win.cc(232)] ReadMemory at 0x1250000 of 64 bytes failed: Запрос ReadProcessMemory или WriteProcessMemory был выполнен только частично. (0x12B)
[0322/231930:WARNING:pe_image_reader.cc(280)] could not read dos header from C:\Program Files (x86)\Google\Chrome\Application\chrome.exe
[0322/231930:ERROR:process_reader_win.cc(232)] ReadMemory at 0x77660000 of 64 bytes failed: Запрос ReadProcessMemory или WriteProcessMemory был выполнен только частично. (0x12B)
[0322/231930:WARNING:pe_image_reader.cc(280)] could not read dos header from C:\Windows\SysWOW64\ntdll.dll
[0322/231930:ERROR:process_reader_win.cc(232)] ReadMemory at 0x750c0000 of 64 bytes failed: Запрос ReadProcessMemory или WriteProcessMemory был выполнен только частично. (0x12B)
[0322/231930:WARNING:pe_image_reader.cc(280)] could not read dos header from C:\Windows\syswow64\KERNELBASE.dll
[0322/231930:ERROR:process_reader_win.cc(232)] ReadMemory at 0x767e0000 of 64 bytes failed: Запрос ReadProcessMemory или WriteProcessMemory был выполнен только частично. (0x12B)
[0322/231930:WARNING:pe_image_reader.cc(280)] could not read dos header from C:\Windows\syswow64\kernel32.dll
[0322/231930:ERROR:process_reader_win.cc(232)] ReadMemory at 0x76580000 of 64 bytes failed: Запрос ReadProcessMemory или WriteProcessMemory был выполнен только частично. (0x12B)
[0322/231930:WARNING:pe_image_reader.cc(280)] could not read dos header from C:\Windows\syswow64\msvcrt.dll
[0322/231930:ERROR:process_reader_win.cc(232)] ReadMemory at 0x74fa0000 of 64 bytes failed: Запрос ReadProcessMemory или WriteProcessMemory был выполнен только частично. (0x12B)
[0322/231930:WARNING:pe_image_reader.cc(280)] could not read dos header from C:\Windows\syswow64\CRYPTBASE.dll
[0322/231930:ERROR:process_reader_win.cc(232)] ReadMemory at 0x74fb0000 of 64 bytes failed: Запрос ReadProcessMemory или WriteProcessMemory был выполнен только частично. (0x12B)
[0322/231930:WARNING:pe_image_reader.cc(280)] could not read dos header from C:\Windows\syswow64\SspiCli.dll
[0322/231930:ERROR:process_reader_win.cc(232)] ReadMemory at 0x76eb0000 of 64 bytes failed: Запрос ReadProcessMemory или WriteProcessMemory был выполнен только частично. (0x12B)
[0322/231930:WARNING:pe_image_reader.cc(280)] could not read dos header from C:\Windows\syswow64\RPCRT4.dll
[0322/231930:ERROR:process_reader_win.cc(232)] ReadMemory at 0x75530000 of 64 bytes failed: Запрос ReadProcessMemory или WriteProcessMemory был выполнен только частично. (0x12B)
[0322/231930:WARNING:pe_image_reader.cc(280)] could not read dos header from C:\Windows\SysWOW64\sechost.dll
[0322/231930:ERROR:process_reader_win.cc(232)] ReadMemory at 0x75010000 of 64 bytes failed: Запрос ReadProcessMemory или WriteProcessMemory был выполнен только частично. (0x12B)
[0322/231930:WARNING:pe_image_reader.cc(280)] could not read dos header from C:\Windows\syswow64\ADVAPI32.dll
[0322/231930:ERROR:process_reader_win.cc(232)] ReadMemory at 0x56990000 of 64 bytes failed: Запрос ReadProcessMemory или WriteProcessMemory был выполнен только частично. (0x12B)
[0322/231930:WARNING:pe_image_reader.cc(280)] could not read dos header from C:\Program Files (x86)\Google\Chrome\Application\49.0.2623.87\chrome_elf.dll
[0322/231930:ERROR:process_reader_win.cc(232)] ReadMemory at 0x72a50000 of 64 bytes failed: Запрос ReadProcessMemory или WriteProcessMemory был выполнен только частично. (0x12B)
[0322/231930:WARNING:pe_image_reader.cc(280)] could not read dos header from C:\Windows\system32\webio.dll
[0322/231930:ERROR:process_reader_win.cc(232)] ReadMemory at 0x72aa0000 of 64 bytes failed: Запрос ReadProcessMemory или WriteProcessMemory был выполнен только частично. (0x12B)
[0322/231930:WARNING:pe_image_reader.cc(280)] could not read dos header from C:\Windows\system32\WINHTTP.dll
[0322/231930:ERROR:process_reader_win.cc(232)] ReadMemory at 0x73a00000 of 64 bytes failed: Запрос ReadProcessMemory или WriteProcessMemory был выполнен только частично. (0x12B)
[0322/231930:WARNING:pe_image_reader.cc(280)] could not read dos header from C:\Windows\system32\VERSION.dll
[0322/231930:ERROR:process_reader_win.cc(232)] ReadMemory at 0x77040000 of 64 bytes failed: Запрос ReadProcessMemory или WriteProcessMemory был выполнен только частично. (0x12B)
[0322/231930:WARNING:pe_image_reader.cc(280)] could not read dos header from C:\Windows\syswow64\USP10.dll
[0322/231930:ERROR:process_reader_win.cc(232)] ReadMemory at 0x767d0000 of 64 bytes failed: Запрос ReadProcessMemory или WriteProcessMemory был выполнен только частично. (0x12B)
[0322/231930:WARNING:pe_image_reader.cc(280)] could not read dos header from C:\Windows\syswow64\LPK.dll
[0322/231930:ERROR:process_reader_win.cc(232)] ReadMemory at 0x76480000 of 64 bytes failed: Запрос ReadProcessMemory или WriteProcessMemory был выполнен только частично. (0x12B)
[0322/231930:WARNING:pe_image_reader.cc(280)] could not read dos header from C:\Windows\syswow64\GDI32.dll
[0322/231930:ERROR:process_reader_win.cc(232)] ReadMemory at 0x76310000 of 64 bytes failed: Запрос ReadProcessMemory или WriteProcessMemory был выполнен только частично. (0x12B)
[0322/231930:WARNING:pe_image_reader.cc(280)] could not read dos header from C:\Windows\syswow64\USER32.dll
[0322/231930:ERROR:process_reader_win.cc(232)] ReadMemory at 0x72c30000 of 64 bytes failed: Запрос ReadProcessMemory или WriteProcessMemory был выполнен только частично. (0x12B)
[0322/231930:WARNING:pe_image_reader.cc(280)] could not read dos header from C:\Windows\system32\WINMM.dll
[0322/231930:ERROR:process_reader_win.cc(232)] ReadMemory at 0x76410000 of 64 bytes failed: Запрос ReadProcessMemory или WriteProcessMemory был выполнен только частично. (0x12B)
[0322/231930:WARNING:pe_image_reader.cc(280)] could not read dos header from C:\Windows\syswow64\profapi.dll
[0322/231930:ERROR:process_reader_win.cc(232)] ReadMemory at 0x77240000 of 64 bytes failed: Запрос ReadProcessMemory или WriteProcessMemory был выполнен только частично. (0x12B)
[0322/231930:WARNING:pe_image_reader.cc(280)] could not read dos header from C:\Windows\syswow64\USERENV.dll
[0322/231930:ERROR:process_reader_win.cc(232)] ReadMemory at 0x72990000 of 64 bytes failed: Запрос ReadProcessMemory или WriteProcessMemory был выполнен только частично. (0x12B)
[0322/231930:WARNING:pe_image_reader.cc(280)] could not read dos header from C:\Windows\system32\WTSAPI32.dll
[0322/231930:ERROR:process_reader_win.cc(232)] ReadMemory at 0x75440000 of 64 bytes failed: Запрос ReadProcessMemory или WriteProcessMemory был выполнен только частично. (0x12B)
[0322/231930:WARNING:pe_image_reader.cc(280)] could not read dos header from C:\Windows\syswow64\MSCTF.dll
[0322/231930:ERROR:process_reader_win.cc(232)] ReadMemory at 0x76520000 of 64 bytes failed: Запрос ReadProcessMemory или WriteProcessMemory был выполнен только частично. (0x12B)
[0322/231930:WARNING:pe_image_reader.cc(280)] could not read dos header from C:\Windows\system32\IMM32.DLL
[0322/231930:ERROR:process_reader_win.cc(232)] ReadMemory at 0x753b0000 of 64 bytes failed: Запрос ReadProcessMemory или WriteProcessMemory был выполнен только частично. (0x12B)
[0322/231930:WARNING:pe_image_reader.cc(280)] could not read dos header from C:\Windows\syswow64\SHLWAPI.dll
[0322/231930:ERROR:process_reader_win.cc(232)] ReadMemory at 0x75560000 of 64 bytes failed: Запрос ReadProcessMemory или WriteProcessMemory был выполнен только частично. (0x12B)
[0322/231930:WARNING:pe_image_reader.cc(280)] could not read dos header from C:\Windows\syswow64\SHELL32.dll
[0322/231930:ERROR:process_reader_win.cc(232)] ReadMemory at 0x75190000 of 64 bytes failed: Запрос ReadProcessMemory или WriteProcessMemory был выполнен только частично. (0x12B)
[0322/231930:WARNING:pe_image_reader.cc(280)] could not read dos header from C:\Windows\syswow64\PSAPI.DLL
[0322/231930:ERROR:process_reader_win.cc(232)] ReadMemory at 0x74730000 of 64 bytes failed: Запрос ReadProcessMemory или WriteProcessMemory был выполнен только частично. (0x12B)
[0322/231930:WARNING:pe_image_reader.cc(280)] could not read dos header from C:\Windows\system32\WINSPOOL.DRV
[0322/231930:ERROR:process_reader_win.cc(232)] ReadMemory at 0x70080000 of 64 bytes failed: Запрос ReadProcessMemory или WriteProcessMemory был выполнен только частично. (0x12B)
[0322/231930:WARNING:pe_image_reader.cc(280)] could not read dos header from C:\Windows\WinSxS\x86_microsoft.windows.common-controls_6595b64144ccf1df_6.0.7601.18837_none_41e855142bd5705d\COMCTL32.dll
[0322/231930:ERROR:process_reader_win.cc(232)] ReadMemory at 0x771c0000 of 64 bytes failed: Запрос ReadProcessMemory или WriteProcessMemory был выполнен только частично. (0x12B)
[0322/231930:WARNING:pe_image_reader.cc(280)] could not read dos header from C:\Windows\syswow64\COMDLG32.dll
[0322/231930:ERROR:process_reader_win.cc(232)] ReadMemory at 0x761b0000 of 64 bytes failed: Запрос ReadProcessMemory или WriteProcessMemory был выполнен только частично. (0x12B)
[0322/231930:WARNING:pe_image_reader.cc(280)] could not read dos header from C:\Windows\syswow64\ole32.dll
[0322/231930:ERROR:process_reader_win.cc(232)] ReadMemory at 0x77100000 of 64 bytes failed: Запрос ReadProcessMemory или WriteProcessMemory был выполнен только частично. (0x12B)
[0322/231930:WARNING:pe_image_reader.cc(280)] could not read dos header from C:\Windows\syswow64\OLEAUT32.dll
[0322/231930:ERROR:process_reader_win.cc(232)] ReadMemory at 0x76b30000 of 64 bytes failed: Запрос ReadProcessMemory или WriteProcessMemory был выполнен только частично. (0x12B)
[0322/231930:WARNING:pe_image_reader.cc(280)] could not read dos header from C:\Windows\syswow64\NSI.dll
[0322/231930:ERROR:process_reader_win.cc(232)] ReadMemory at 0x702a0000 of 64 bytes failed: Запрос ReadProcessMemory или WriteProcessMemory был выполнен только частично. (0x12B)
[0322/231930:WARNING:pe_image_reader.cc(280)] could not read dos header from C:\Windows\system32\WINNSI.DLL
[0322/231930:ERROR:process_reader_win.cc(232)] ReadMemory at 0x702b0000 of 64 bytes failed: Запрос ReadProcessMemory или WriteProcessMemory был выполнен только частично. (0x12B)
[0322/231930:WARNING:pe_image_reader.cc(280)] could not read dos header from C:\Windows\system32\IPHLPAPI.DLL
[0322/231930:ERROR:process_reader_win.cc(232)] ReadMemory at 0x75120000 of 64 bytes failed: Запрос ReadProcessMemory или WriteProcessMemory был выполнен только частично. (0x12B)
[0322/231930:WARNING:pe_image_reader.cc(280)] could not read dos header from C:\Windows\syswow64\WS2_32.dll
[0322/231930:ERROR:process_reader_win.cc(232)] ReadMemory at 0x77630000 of 64 bytes failed: Запрос ReadProcessMemory или WriteProcessMemory был выполнен только частично. (0x12B)
[0322/231930:WARNING:pe_image_reader.cc(280)] could not read dos header from C:\Windows\syswow64\MSASN1.dll
[0322/231930:ERROR:process_reader_win.cc(232)] ReadMemory at 0x76bd0000 of 64 bytes failed: Запрос ReadProcessMemory или WriteProcessMemory был выполнен только частично. (0x12B)
[0322/231930:WARNING:pe_image_reader.cc(280)] could not read dos header from C:\Windows\syswow64\CRYPT32.dll
[0322/231930:ERROR:process_reader_win.cc(232)] ReadMemory at 0x77190000 of 64 bytes failed: Запрос ReadProcessMemory или WriteProcessMemory был выполнен только частично. (0x12B)
[0322/231930:WARNING:pe_image_reader.cc(280)] could not read dos header from C:\Windows\syswow64\WINTRUST.dll
[0322/231930:ERROR:process_reader_win.cc(232)] ReadMemory at 0x72bf0000 of 64 bytes failed: Запрос ReadProcessMemory или WriteProcessMemory был выполнен только частично. (0x12B)
[0322/231930:WARNING:pe_image_reader.cc(280)] could not read dos header from C:\Windows\system32\Secur32.dll
[0322/231930:ERROR:process_reader_win.cc(232)] ReadMemory at 0xfeb0000 of 64 bytes failed: Запрос ReadProcessMemory или WriteProcessMemory был выполнен только частично. (0x12B)
[0322/231930:WARNING:pe_image_reader.cc(280)] could not read dos header from C:\Program Files (x86)\Google\Chrome\Application\49.0.2623.87\chrome_child.dll
[0322/231930:ERROR:process_reader_win.cc(232)] ReadMemory at 0x6cb10000 of 64 bytes failed: Запрос ReadProcessMemory или WriteProcessMemory был выполнен только частично. (0x12B)
[0322/231930:WARNING:pe_image_reader.cc(280)] could not read dos header from C:\Windows\system32\dwrite.dll
[0322/231930:ERROR:process_reader_win.cc(232)] ReadMemory at 0x12fc154 of 12 bytes failed: Запрос ReadProcessMemory или WriteProcessMemory был выполнен только частично. (0x12B)
[0322/231930:WARNING:process_snapshot_win.cc(89)] ReadMemory ExceptionInformation failed
[0322/231930:WARNING:crash_report_exception_handler.cc(60)] ProcessSnapshotWin::InitializeException failed
[0322/231930:ERROR:scoped_process_suspend.cc(38)] NtResumeProcess, ntstatus=-1073741558
